# JRE version: Java(TM) SE Runtime Environment (9.0+11) (build 9.0.4+11)
# Java VM: Java HotSpot(TM) 64-Bit Server VM (9.0.4+11, mixed mode, tiered, compressed oops, g1 gc, windows-amd64)
Heap:
 garbage-first heap   total 223232K, used 126601K [0x0000000700000000, 0x00000007001006d0, 0x00000007c0000000)
  region size 1024K, 56 young (57344K), 3 survivors (3072K)
 Metaspace       used 89041K, capacity 95635K, committed 95944K, reserved 1132544K
  class space    used 12011K, capacity 13170K, committed 13256K, reserved 1048576K
GC Heap History (10 events):
Event: 1596.472 GC heap before
{Heap before GC invocations=568 (full 287):
 garbage-first heap   total 223232K, used 131610K [0x0000000700000000, 0x00000007001006d0, 0x00000007c0000000)
  region size 1024K, 60 young (61440K), 2 survivors (2048K)
 Metaspace       used 88869K, capacity 95533K, committed 95688K, reserved 1132544K
  class space    used 11984K, capacity 13137K, committed 13256K, reserved 1048576K
}
Event: 1596.509 GC heap after
{Heap after GC invocations=569 (full 287):
 garbage-first heap   total 223232K, used 72211K [0x0000000700000000, 0x00000007001006d0, 0x00000007c0000000)
  region size 1024K, 2 young (2048K), 2 survivors (2048K)
 Metaspace       used 88869K, capacity 95533K, committed 95688K, reserved 1132544K
  class space    used 11984K, capacity 13137K, committed 13256K, reserved 1048576K
}
Event: 1600.617 GC heap before
{Heap before GC invocations=569 (full 287):
 garbage-first heap   total 223232K, used 131603K [0x0000000700000000, 0x00000007001006d0, 0x00000007c0000000)
  region size 1024K, 60 young (61440K), 2 survivors (2048K)
 Metaspace       used 88994K, capacity 95629K, committed 95944K, reserved 1132544K
  class space    used 12010K, capacity 13169K, committed 13256K, reserved 1048576K
}
Event: 1600.621 GC heap after
{Heap after GC invocations=570 (full 287):
 garbage-first heap   total 223232K, used 73074K [0x0000000700000000, 0x00000007001006d0, 0x00000007c0000000)
  region size 1024K, 3 young (3072K), 3 survivors (3072K)
 Metaspace       used 88994K, capacity 95629K, committed 95944K, reserved 1132544K
  class space    used 12010K, capacity 13169K, committed 13256K, reserved 1048576K
}
Event: 1603.229 GC heap before
{Heap before GC invocations=570 (full 287):
 garbage-first heap   total 223232K, used 131442K [0x0000000700000000, 0x00000007001006d0, 0x00000007c0000000)
  region size 1024K, 60 young (61440K), 3 survivors (3072K)
 Metaspace       used 88999K, capacity 95629K, committed 95944K, reserved 1132544K
  class space    used 12010K, capacity 13169K, committed 13256K, reserved 1048576K
}
Event: 1603.233 GC heap after
{Heap after GC invocations=571 (full 287):
 garbage-first heap   total 223232K, used 72814K [0x0000000700000000, 0x00000007001006d0, 0x00000007c0000000)
  region size 1024K, 3 young (3072K), 3 survivors (3072K)
 Metaspace       used 88999K, capacity 95629K, committed 95944K, reserved 1132544K
  class space    used 12010K, capacity 13169K, committed 13256K, reserved 1048576K
}
Event: 1626.239 GC heap before
{Heap before GC invocations=571 (full 287):
 garbage-first heap   total 223232K, used 131182K [0x0000000700000000, 0x00000007001006d0, 0x00000007c0000000)
  region size 1024K, 60 young (61440K), 3 survivors (3072K)
 Metaspace       used 89017K, capacity 95635K, committed 95944K, reserved 1132544K
  class space    used 12011K, capacity 13170K, committed 13256K, reserved 1048576K
}
Event: 1626.243 GC heap after
{Heap after GC invocations=572 (full 287):
 garbage-first heap   total 223232K, used 73183K [0x0000000700000000, 0x00000007001006d0, 0x00000007c0000000)
  region size 1024K, 3 young (3072K), 3 survivors (3072K)
 Metaspace       used 89017K, capacity 95635K, committed 95944K, reserved 1132544K
  class space    used 12011K, capacity 13170K, committed 13256K, reserved 1048576K
}
Event: 1626.724 GC heap before
{Heap before GC invocations=572 (full 287):
 garbage-first heap   total 223232K, used 131551K [0x0000000700000000, 0x00000007001006d0, 0x00000007c0000000)
  region size 1024K, 60 young (61440K), 3 survivors (3072K)
 Metaspace       used 89037K, capacity 95635K, committed 95944K, reserved 1132544K
  class space    used 12011K, capacity 13170K, committed 13256K, reserved 1048576K
}
Event: 1626.728 GC heap after
{Heap after GC invocations=573 (full 287):
 garbage-first heap   total 223232K, used 73353K [0x0000000700000000, 0x00000007001006d0, 0x00000007c0000000)
  region size 1024K, 3 young (3072K), 3 survivors (3072K)
 Metaspace       used 89037K, capacity 95635K, committed 95944K, reserved 1132544K
  class space    used 12011K, capacity 13170K, committed 13256K, reserved 1048576K
}

